TN:
SF:nrt_collections_utils\collections_utils.py
DA:3,1,PDnXO8x2yMvQzetDhsefnQ
DA:5,1,Nnqu9X+lU2lagW39QNhFWA
DA:6,1,pGuylna8WG6eqX/PCjv7Aw
DA:7,1,jPv3qf89ygjfivgwSvj/5A
DA:9,1,XLoFxyYkCGbeC3txb6zAzg
DA:10,1,fByOPlPJaX7H6Da4K8dt9Q
DA:12,1,qQUjr5AQ3bvu/VAtLtLuXg
DA:14,1,KxgaGtJPkScc4OG7mJ59vg
DA:15,1,z20p6w2lvrwhlBVsuv6EDA
DA:16,1,xjcDBnSwra0OiNOAYAwoHA
DA:17,1,HyjoMHd25EhoauOMJWl56Q
DA:18,1,aG8hzM939a6klmerpUAbhg
DA:19,1,kycMaH6XbPuAfUpgfG1Lbg
DA:21,1,eJ6zrxnLWn/k18a2vHOhRA
DA:23,1,Nnqu9X+lU2lagW39QNhFWA
DA:24,1,YlSpHocVeK0Y4ZV6jA35jA
DA:25,1,jPv3qf89ygjfivgwSvj/5A
DA:27,1,rTaDTpf1fYD+pBm1mE/jzQ
DA:28,1,fiIKMp6Mz5Y8LBaBWsXFzQ
DA:29,1,VM/Vi4L5UmWFd3a32rP1jA
DA:31,1,XlIJ8spkSlrA9Cg5HZC0UA
DA:33,1,qQUjr5AQ3bvu/VAtLtLuXg
LF:22
LH:22
BRDA:5,0,0,1
BRDA:14,0,1,1
BRDA:10,1,0,1
BRDA:12,1,1,1
BRDA:14,2,0,1
BRDA:23,2,1,1
BRDA:0,3,0,1
BRDA:23,3,1,1
BRDA:28,4,0,1
BRDA:31,4,1,1
BRDA:29,5,0,1
BRDA:33,5,1,1
BRF:12
BRH:12
end_of_record
TN:
SF:nrt_collections_utils\list_utils.py
DA:3,1,+A10cWzRkzUA3Y7+3ariYg
DA:4,1,KxgaGtJPkScc4OG7mJ59vg
DA:5,1,rCLuVibcrAAtXOdHln3VaA
DA:6,1,njYhoRpXoBt+ZUD3fBH1aw
DA:7,1,kycMaH6XbPuAfUpgfG1Lbg
DA:9,1,W2dvpf4s0/owonj2MLpZYw
DA:10,1,sHMFTvZGtr70AOduJJ0xOQ
DA:11,1,7N/JFuOs+JgNw/t49ouLjw
DA:13,1,8V0W5+MgrGs5u3WFwBcXew
DA:14,1,5lLifRQPIbhZizKOT7snsw
DA:15,1,7N/JFuOs+JgNw/t49ouLjw
DA:17,1,eJ6zrxnLWn/k18a2vHOhRA
DA:19,1,KxgaGtJPkScc4OG7mJ59vg
DA:20,1,SXWi1F7XeDlkVKwh7r0K6Q
DA:21,1,fTMzWYy4myOvMkrW9NTtPg
DA:23,1,KxgaGtJPkScc4OG7mJ59vg
DA:24,1,0BrDkN4x/8KANuoNQqUz1w
DA:25,1,nZk5EegdHriCmDQhzGyJxA
LF:18
LH:18
BRDA:4,0,0,1
BRDA:19,0,1,1
BRDA:7,1,0,1
BRDA:9,1,1,1
BRDA:10,2,0,1
BRDA:13,2,1,1
BRDA:9,3,0,1
BRDA:11,3,1,1
BRDA:14,4,0,1
BRDA:17,4,1,1
BRDA:13,5,0,1
BRDA:15,5,1,1
BRDA:19,6,0,1
BRDA:23,6,1,1
BRDA:0,7,0,1
BRDA:0,7,1,1
BRDA:21,7,2,1
BRDA:0,8,0,1
BRDA:23,8,1,1
BRF:18
BRH:18
end_of_record
